2025-06-15 16:26:18,313 - freqtrade.loggers - INFO - Enabling colorized output.
2025-06-15 16:26:18,313 - root - INFO - Logfile configured
2025-06-15 16:26:18,314 - freqtrade.loggers - INFO - Verbosity set to 0
2025-06-15 16:26:18,314 - freqtrade.configuration.configuration - INFO - Runmode set to dry_run.
2025-06-15 16:26:18,314 - freqtrade.configuration.configuration - INFO - Parameter --db-url detected ...
2025-06-15 16:26:18,314 - freqtrade.configuration.configuration - INFO - Dry run is enabled
2025-06-15 16:26:18,315 - freqtrade.configuration.configuration - INFO - Using DB: "sqlite:////freqtrade/user_data/tradesv3.sqlite"
2025-06-15 16:26:18,315 - freqtrade.configuration.configuration - INFO - Using max_open_trades: 5 ...
2025-06-15 16:26:18,324 - freqtrade.configuration.configuration - INFO - Using user-data directory: /freqtrade/user_data ...
2025-06-15 16:26:18,324 - freqtrade.configuration.directory_operations - INFO - Created data directory: None
2025-06-15 16:26:18,325 - freqtrade.configuration.configuration - INFO - Using data directory: /freqtrade/user_data/data/binance ...
2025-06-15 16:26:18,326 - freqtrade.exchange.check_exchange - INFO - Checking exchange...
2025-06-15 16:26:18,333 - freqtrade.exchange.check_exchange - INFO - Exchange "binance" is officially supported by the Freqtrade development team.
2025-06-15 16:26:18,333 - freqtrade.configuration.configuration - INFO - Using pairlist from configuration.
2025-06-15 16:26:18,341 - freqtrade.resolvers.iresolver - INFO - Using resolved strategy SampleStrategy from '/freqtrade/user_data/strategies/sample_strategy.py'...
2025-06-15 16:26:18,342 - freqtrade.strategy.hyper - INFO - Found no parameter file.
2025-06-15 16:26:18,342 - freqtrade.resolvers.strategy_resolver - INFO - Override strategy 'stake_currency' with value in config file: USDT.
2025-06-15 16:26:18,342 - freqtrade.resolvers.strategy_resolver - INFO - Override strategy 'stake_amount' with value in config file: unlimited.
2025-06-15 16:26:18,343 - freqtrade.resolvers.strategy_resolver - INFO - Override strategy 'unfilledtimeout' with value in config file: {'entry': 10, 'exit': 10, 'exit_timeout_count': 0, 'unit': 'minutes'}.
2025-06-15 16:26:18,343 - freqtrade.resolvers.strategy_resolver - INFO - Override strategy 'max_open_trades' with value in config file: 5.
2025-06-15 16:26:18,343 - freqtrade.resolvers.strategy_resolver - INFO - Strategy using minimal_roi: {'60': 0.01, '30': 0.02, '0': 0.04}
2025-06-15 16:26:18,343 - freqtrade.resolvers.strategy_resolver - INFO - Strategy using timeframe: 5m
2025-06-15 16:26:18,344 - freqtrade.resolvers.strategy_resolver - INFO - Strategy using stoploss: -0.1
2025-06-15 16:26:18,344 - freqtrade.resolvers.strategy_resolver - INFO - Strategy using trailing_stop: False
2025-06-15 16:26:18,344 - freqtrade.resolvers.strategy_resolver - INFO - Strategy using trailing_stop_positive_offset: 0.0
2025-06-15 16:26:18,344 - freqtrade.resolvers.strategy_resolver - INFO - Strategy using trailing_only_offset_is_reached: False
2025-06-15 16:26:18,344 - freqtrade.resolvers.strategy_resolver - INFO - Strategy using use_custom_stoploss: False
2025-06-15 16:26:18,345 - freqtrade.resolvers.strategy_resolver - INFO - Strategy using process_only_new_candles: True
2025-06-15 16:26:18,345 - freqtrade.resolvers.strategy_resolver - INFO - Strategy using order_types: {'entry': 'limit', 'exit': 'limit', 'stoploss': 'market', 'stoploss_on_exchange': False}
2025-06-15 16:26:18,345 - freqtrade.resolvers.strategy_resolver - INFO - Strategy using order_time_in_force: {'entry': 'GTC', 'exit': 'GTC'}
2025-06-15 16:26:18,345 - freqtrade.resolvers.strategy_resolver - INFO - Strategy using stake_currency: USDT
2025-06-15 16:26:18,346 - freqtrade.resolvers.strategy_resolver - INFO - Strategy using stake_amount: unlimited
2025-06-15 16:26:18,346 - freqtrade.resolvers.strategy_resolver - INFO - Strategy using startup_candle_count: 200
2025-06-15 16:26:18,346 - freqtrade.resolvers.strategy_resolver - INFO - Strategy using unfilledtimeout: {'entry': 10, 'exit': 10, 'exit_timeout_count': 0, 'unit': 'minutes'}
2025-06-15 16:26:18,346 - freqtrade.resolvers.strategy_resolver - INFO - Strategy using use_exit_signal: True
2025-06-15 16:26:18,346 - freqtrade.resolvers.strategy_resolver - INFO - Strategy using exit_profit_only: False
2025-06-15 16:26:18,347 - freqtrade.resolvers.strategy_resolver - INFO - Strategy using ignore_roi_if_entry_signal: False
2025-06-15 16:26:18,347 - freqtrade.resolvers.strategy_resolver - INFO - Strategy using exit_profit_offset: 0.0
2025-06-15 16:26:18,347 - freqtrade.resolvers.strategy_resolver - INFO - Strategy using disable_dataframe_checks: False
2025-06-15 16:26:18,347 - freqtrade.resolvers.strategy_resolver - INFO - Strategy using ignore_buying_expired_candle_after: 0
2025-06-15 16:26:18,347 - freqtrade.resolvers.strategy_resolver - INFO - Strategy using position_adjustment_enable: False
2025-06-15 16:26:18,348 - freqtrade.resolvers.strategy_resolver - INFO - Strategy using max_entry_position_adjustment: -1
2025-06-15 16:26:18,348 - freqtrade.resolvers.strategy_resolver - INFO - Strategy using max_open_trades: 5
2025-06-15 16:26:18,348 - freqtrade.configuration.config_validation - INFO - Validating configuration ...
2025-06-15 16:26:18,350 - freqtrade.exchange.exchange - INFO - Instance is running with dry_run enabled
2025-06-15 16:26:18,350 - freqtrade.exchange.exchange - INFO - Using CCXT 4.4.82
2025-06-15 16:26:18,350 - freqtrade.exchange.exchange - INFO - Applying additional ccxt config: {'options': {'defaultType': 'swap'}}
2025-06-15 16:26:18,356 - freqtrade.exchange.exchange - INFO - Applying additional ccxt config: {'options': {'defaultType': 'swap'}}
2025-06-15 16:26:18,364 - freqtrade.exchange.exchange - INFO - Using Exchange "Binance"
2025-06-15 16:26:19,697 - freqtrade.resolvers.exchange_resolver - INFO - Using resolved exchange 'Binance'...
2025-06-15 16:26:19,735 - freqtrade.wallets - INFO - Wallets synced.
2025-06-15 16:26:20,023 - freqtrade.rpc.rpc_manager - INFO - Enabling rpc.api_server
2025-06-15 16:26:20,120 - freqtrade.rpc.api_server.webserver - INFO - Starting HTTP Server at 0.0.0.0:8080
2025-06-15 16:26:20,120 - freqtrade.rpc.api_server.webserver - INFO - Starting Local Rest Server.
2025-06-15 16:26:20,141 - freqtrade.resolvers.iresolver - INFO - Using resolved pairlist VolumePairList from '/freqtrade/freqtrade/plugins/pairlist/VolumePairList.py'...
2025-06-15 16:26:20,142 - freqtrade.freqtradebot - INFO - Starting initial pairlist refresh
2025-06-15 16:26:20,984 - VolumePairList - INFO - Pair BNB/USDT:USDT in your blacklist. Removing it from whitelist...
2025-06-15 16:26:20,995 - freqtrade.plugins.pairlistmanager - INFO - Whitelist with 20 pairs: ['ETH/USDT:USDT', 'BTC/USDT:USDT', 'SOL/USDT:USDT', '1000PEPE/USDT:USDT', 'XRP/USDT:USDT', 'SUI/USDT:USDT', 'DOGE/USDT:USDT', 'FARTCOIN/USDT:USDT', 'ZKJ/USDT:USDT', 'T/USDT:USDT', 'HOME/USDT:USDT', 'RVN/USDT:USDT', 'TRUMP/USDT:USDT', 'HYPE/USDT:USDT', 'AAVE/USDT:USDT', 'RESOLV/USDT:USDT', 'BCH/USDT:USDT', 'BMT/USDT:USDT', 'ADA/USDT:USDT', 'UNI/USDT:USDT']
2025-06-15 16:26:20,996 - freqtrade.freqtradebot - INFO - Initial Pairlist refresh took 0.85s
2025-06-15 16:26:20,996 - freqtrade.strategy.hyper - INFO - No params for buy found, using default values.
2025-06-15 16:26:20,997 - freqtrade.strategy.hyper - INFO - Strategy Parameter(default): buy_rsi = 30
2025-06-15 16:26:20,997 - freqtrade.strategy.hyper - INFO - Strategy Parameter(default): exit_short_rsi = 30
2025-06-15 16:26:20,997 - freqtrade.strategy.hyper - INFO - No params for sell found, using default values.
2025-06-15 16:26:20,998 - freqtrade.strategy.hyper - INFO - Strategy Parameter(default): sell_rsi = 70
2025-06-15 16:26:20,998 - freqtrade.strategy.hyper - INFO - Strategy Parameter(default): short_rsi = 70
2025-06-15 16:26:20,998 - freqtrade.strategy.hyper - INFO - No params for protection found, using default values.
2025-06-15 16:26:20,999 - freqtrade.plugins.protectionmanager - INFO - No protection Handlers defined.
2025-06-15 16:26:20,999 - freqtrade.rpc.rpc_manager - INFO - Sending rpc message: {'type': status, 'status': 'running'}
2025-06-15 16:26:20,999 - freqtrade.worker - INFO - Changing state to: RUNNING
2025-06-15 16:26:21,002 - freqtrade.util.migrations.binance_mig - INFO - Migrating binance futures pairs in database.
2025-06-15 16:26:21,004 - freqtrade.util.migrations.binance_mig - INFO - Done migrating binance futures pairs in database.
2025-06-15 16:26:21,012 - freqtrade.rpc.rpc_manager - INFO - Sending rpc message: {'type': warning, 'status': 'Dry run is enabled. All trades are simulated.'}
2025-06-15 16:26:21,012 - freqtrade.rpc.rpc_manager - INFO - Sending rpc message: {'type': startup, 'status': "*Exchange:* `binance`\n*Stake per trade:* `unlimited USDT`\n*Minimum ROI:* `{'60': 0.01, '30': 0.02, '0': 0.04}`\n*Stoploss:* `-0.1`\n*Position adjustment:* `Off`\n*Timeframe:* `5m`\n*Strategy:* `SampleStrategy`"}
2025-06-15 16:26:21,013 - freqtrade.rpc.rpc_manager - INFO - Sending rpc message: {'type': startup, 'status': "Searching for USDT pairs to buy and sell based on [{'VolumePairList': 'VolumePairList - top 20 volume pairs.'}]"}
2025-06-15 16:26:31,032 - freqtrade.worker - INFO - Bot heartbeat. PID=1, version='2025.5', state='RUNNING'
2025-06-15 16:27:31,071 - freqtrade.worker - INFO - Bot heartbeat. PID=1, version='2025.5', state='RUNNING'
2025-06-15 16:28:31,119 - freqtrade.worker - INFO - Bot heartbeat. PID=1, version='2025.5', state='RUNNING'
2025-06-15 16:29:31,167 - freqtrade.worker - INFO - Bot heartbeat. PID=1, version='2025.5', state='RUNNING'
2025-06-15 16:30:31,523 - freqtrade.worker - INFO - Bot heartbeat. PID=1, version='2025.5', state='RUNNING'
2025-06-15 16:31:06,598 - freqtrade.wallets - INFO - Wallets synced.
2025-06-15 16:31:31,564 - freqtrade.worker - INFO - Bot heartbeat. PID=1, version='2025.5', state='RUNNING'
2025-06-15 16:32:31,603 - freqtrade.worker - INFO - Bot heartbeat. PID=1, version='2025.5', state='RUNNING'
2025-06-15 16:33:31,645 - freqtrade.worker - INFO - Bot heartbeat. PID=1, version='2025.5', state='RUNNING'
2025-06-15 16:34:31,681 - freqtrade.worker - INFO - Bot heartbeat. PID=1, version='2025.5', state='RUNNING'
2025-06-15 16:35:08,581 - freqtrade.commands.trade_commands - INFO - worker found ... calling exit
2025-06-15 16:35:08,582 - freqtrade.rpc.rpc_manager - INFO - Sending rpc message: {'type': status, 'status': 'process died'}
2025-06-15 16:35:08,583 - freqtrade.freqtradebot - INFO - Cleaning up modules ...
2025-06-15 16:35:08,584 - freqtrade.rpc.rpc_manager - INFO - Cleaning up rpc modules ...
2025-06-15 16:35:08,584 - freqtrade.rpc.rpc_manager - INFO - Cleaning up rpc.apiserver ...
2025-06-15 16:35:08,584 - freqtrade.rpc.api_server.webserver - INFO - Stopping API Server
2025-06-15 16:35:08,762 - freqtrade.exchange.common - WARNING - _async_get_candle_history() returned exception: "Could not fetch historical candle (OHLCV) data for AAVE/USDT:USDT, 5m, futures due to ExchangeNotAvailable. Message: binance GET https://fapi.binance.com/fapi/v1/klines?interval=5m&limit=1500&symbol=AAVEUSDT". Retrying still for 4 times.
2025-06-15 16:35:09,014 - freqtrade - INFO - SIGINT received, aborting ...
